Sun, 24 Apr 2016 22:23:09 GMT express deprecated res.sendfile: Use res.sendFile instead at app.js:5:7
Sun, 24 Apr 2016 22:28:09 GMT express deprecated res.sendfile: Use res.sendFile instead at server.js:5:7
/home/ec2-user/MVCTemplate/server.js:8
app.use("public", exppress.static(path.join(__dirname, "public")));
                  ^
ReferenceError: exppress is not defined
    at Object.<anonymous> (/home/ec2-user/MVCTemplate/server.js:8:19)
    at Module._compile (module.js:460:26)
    at Object.Module._extensions..js (module.js:478:10)
    at Module.load (module.js:355:32)
    at Function.Module._load (module.js:310:12)
    at Function.Module.runMain (module.js:501:10)
    at startup (node.js:129:16)
    at node.js:814:3
/home/ec2-user/MVCTemplate/server.js:8
app.use("public", express.static(path.join(__dirname, "public")));
                                 ^
ReferenceError: path is not defined
    at Object.<anonymous> (/home/ec2-user/MVCTemplate/server.js:8:34)
    at Module._compile (module.js:460:26)
    at Object.Module._extensions..js (module.js:478:10)
    at Module.load (module.js:355:32)
    at Function.Module._load (module.js:310:12)
    at Function.Module.runMain (module.js:501:10)
    at startup (node.js:129:16)
    at node.js:814:3
/home/ec2-user/MVCTemplate/node_modules/serve-static/index.js:47
  var opts = Object.create(options || null)
                    ^
TypeError: Object prototype may only be an Object or null: public
    at Function.create (native)
    at Function.serveStatic (/home/ec2-user/MVCTemplate/node_modules/serve-static/index.js:47:21)
    at Object.<anonymous> (/home/ec2-user/MVCTemplate/server.js:8:23)
    at Module._compile (module.js:460:26)
    at Object.Module._extensions..js (module.js:478:10)
    at Module.load (module.js:355:32)
    at Function.Module._load (module.js:310:12)
    at Function.Module.runMain (module.js:501:10)
    at startup (node.js:129:16)
    at node.js:814:3
Sun, 24 Apr 2016 22:33:43 GMT express deprecated res.sendfile: Use res.sendFile instead at server.js:5:7
